{"name": "Создание заказа авторизированным пользователем", "status": "failed", "statusDetails": {"message": "AssertionError: assert (403 == 200)\n +  where 403 = <Response [403]>.status_code", "trace": "self = <test_create_order.TestCreatingOrder object at 0x00000270898A47D0>\nlogin_user = {'accessToken': 'Bearer eyJhbGciOiJIUzI1NiIsInR5cCI6IkpXVCJ9.eyJpZCI6IjY5MDBlYzIzOTg0MjcwMDAxYmRlOGNlZiIsImlhdCI6MTc2M...o94cApymOobXSMa30', 'refreshToken': 'b5428ca908d0f3d9cd0fbd4e8a2a9edba0de2075ccfac5991c78b7f8946d4bd3f7e9cb8c135e25e3'}\n\n    @allure.title(\"Создание заказа авторизированным пользователем\")\n    def test_creating_order_by_an_login_user(self, login_user):\n    \n        with allure.step(\"Вход авторизированным пользователем\"):\n            user = login_user\n    \n        with allure.step(\"Создать заказ авторизированным пользователем\"):\n            payload = {\"ingredients\": [\"61c0c5a71d1f82001bdaaa6c\",\"61c0c5a71d1f82001bdaaa76\"]}\n    \n            response = requests.post(f'{Urls.BURGER_URL}/api/orders',  data=payload,\n                                     headers={\"Authorization\": f\"Bearer {user[\"accessToken\"]}\"})\n    \n        with allure.step(\"Проверить успешное создание заказа\"):\n>           assert response.status_code == 200 and response.json()[\"success\"] == True\nE           assert (403 == 200)\nE            +  where 403 = <Response [403]>.status_code\n\ntests\\test_create_order.py:21: AssertionError"}, "steps": [{"name": "Вход авторизированным пользователем", "status": "passed", "start": 1761668136197, "stop": 1761668136197}, {"name": "Создать заказ авторизированным пользователем", "status": "passed", "start": 1761668136197, "stop": 1761668136239}, {"name": "Проверить успешное создание заказа", "status": "failed", "statusDetails": {"message": "AssertionError: assert (403 == 200)\n +  where 403 = <Response [403]>.status_code\n", "trace": "  File \"D:\\YandexProject\\GitProject\\Diplom\\Diplom_2\\tests\\test_create_order.py\", line 21, in test_creating_order_by_an_login_user\n    assert response.status_code == 200 and response.json()[\"success\"] == True\n"}, "start": 1761668136239, "stop": 1761668136240}], "start": 1761668136197, "stop": 1761668136243, "uuid": "898f19e7-1af8-40c2-ac8f-698e6abdb2ee", "historyId": "41966f9948a8e26f3be4c941c7829e96", "testCaseId": "41966f9948a8e26f3be4c941c7829e96", "fullName": "tests.test_create_order.TestCreatingOrder#test_creating_order_by_an_login_user", "labels": [{"name": "parentSuite", "value": "tests"}, {"name": "suite", "value": "test_create_order"}, {"name": "subSuite", "value": "TestCreatingOrder"}, {"name": "host", "value": "DESKTOP-07P66GQ"}, {"name": "thread", "value": "24144-MainThread"}, {"name": "framework", "value": "pytest"}, {"name": "language", "value": "cpython3"}, {"name": "package", "value": "tests.test_create_order"}], "titlePath": ["tests", "test_create_order.py", "TestCreatingOrder"]}